575133806 265187 657798960 211904351
575133806 1516349 312508208 534008898
575133806 9297504 312508208 725965349
467684119 10535832 312508208 446417288
478654196 11001594 312508208 870732187
575133806 17637609 312508208 114712338
575133806 17972502 757520084 522507488
575133806 18389808 492870594 581168419
478654196 18855194 392953544 715941682
575133806 19665624 312508208 780879083
575133806 19746978 392953544 311725939
575133806 23361748 392953544 865415119
467684119 24005650 492870594 164578306
575133806 25466515 757520084 363875040
575133806 26285387 392953544 988504338
467684119 29466569 757520084 994230917
575133806 31561117 492870594 692549115
467684119 32691801 757520084 780355927
434715811 35891152 757520084 646777704
467684119 41845129 312508208 294370929
575133806 46001740 757520084 988339691
575133806 46277634 312508208 316430328
575133806 46440238 392953544 483050636
575133806 49720667 492870594 319616715
575133806 54359988 492870594 989204469
467684119 57493276 392953544 56024607
575133806 61786279 392953544 993230732
575133806 63239532 392953544 501040505
575133806 65591239 392953544 747833251
575133806 67507315 757520084 69763615
575133806 71003118 392953544 40894537
467684119 71501879 392953544 58875111
575133806 74868949 757520084 247278837
467684119 75685333 492870594 150011682
575133806 76252026 392953544 66996958
575133806 77679727 757520084 520658962
575133806 78886465 392953544 294598850
575133806 80014124 757520084 10689255
575133806 81821272 757520084 814730095
434715811 83207664 492870594 117593419
575133806 86109240 312508208 261138367
575133806 90691882 757520084 129291140
575133806 94285723 757520084 714656621
467684119 96169709 392953544 26813848
575133806 96761666 392953544 559629491
575133806 99542694 392953544 87991275
575133806 103833435 757520084 143635905
467684119 106653514 392953544 50363472
575133806 106683690 392953544 444661390
478654196 108483726 312508208 219582281
575133806 109031156 492870594 585810212
434715811 112034295 757520084 361272925
575133806 112044682 312508208 938645110
575133806 113258440 492870594 90992542
575133806 117172860 392953544 356370223
575133806 117908877 312508208 955881443
478654196 118273607 392953544 712128209
575133806 119448184 392953544 250970801
478654196 119662425 392953544 988811797
575133806 119820290 772032514 712422579
467684119 125913930 392953544 788013279
575133806 128508228 312508208 470336714
129471222 129471222 129471222 852206292
129471222 129471222 129471222 732752777
129471222 129471222 129471222 156978291
129471222 129471222 129471222 592750672
129471222 129471222 129471222 361379773
129471222 129471222 129471222 221876361
129471222 129471222 129471222 109521539
129471222 129471222 129471222 779912043
129471222 129471222 129471222 946916791
129471222 129471222 129471222 246449577
129471222 129471222 129471222 312591480
575133806 129941919 757520084 563626845
478654196 130581650 392953544 26353970
478654196 133995705 392953544 770294041
575133806 135675999 757520084 347379456
575133806 135900013 657798960 231332813
575133806 138315427 757520084 612363891
78713426 138851495 392953544 647115186
575133806 144112786 392953544 511947964
575133806 145316169 392953544 301494630
575133806 147322046 757520084 694685262
467684119 151970398 392953544 758630314
575133806 152798819 392953544 782949192
575133806 153749919 392953544 910054272
467684119 154503941 392953544 328302144
575133806 155561851 492870594 62849180
575133806 159325637 312508208 671931445
575133806 162427809 392953544 822613512
467684119 162875253 392953544 958085688
575133806 166324570 757520084 831791489
575133806 169471774 757520084 152520235
467684119 180917040 312508208 219511551
467684119 182909187 757520084 18290135
548840947 184202665 757520084 428011565
575133806 185438349 392953544 190196402
194592612 194592612 312508208 194592612
194592612 194592612 312508208 194592612
194592612 194592612 392953544 194592612
194592612 194592612 392953544 194592612
194592612 194592612 492870594 194592612
194592612 194592612 492870594 194592612
194592612 194592612 757520084 194592612
194592612 194592612 757520084 194592612
194592612 194592612 773697074 194592612
194592612 194592612 935865186 194592612
575133806 196391926 312508208 866129897
575133806 196873204 492870594 789246693
575133806 198346586 757520084 139640200
575133806 199669456 392953544 304134899
478654196 205507812 392953544 218844603
575133806 208569611 392953544 329246544
575133806 214444230 392953544 544936136
527813691 216432088 527813691 527813691
575133806 218557038 312508208 240016517
575133806 222086941 392953544 194053643
575133806 223163175 757520084 448658620
575133806 228847862 757520084 190677581
575133806 229454690 492870594 152062076
575133806 233786949 702022936 643689751
527813691 234332312 527813691 527813691
575133806 236353174 392953544 980501753
575133806 240251804 312508208 762730978
575133806 240792390 757520084 534853812
575133806 251238867 312508208 448955100
575133806 253602080 312508208 786473828
575133806 258025566 392953544 165807290
467684119 262761552 465931429 472974621
575133806 263000177 757520084 116812314
478654196 267564976 392953544 602495682
575133806 270027504 392953544 426962855
575133806 270518164 392953544 471052542
575133806 272223797 392953544 565103225
575133806 272424790 392953544 502520583
575133806 272561860 657798960 659618644
575133806 276589704 757520084 18135181
467684119 278580584 392953544 275017363
575133806 279772776 392953544 462506856
527813691 281365609 527813691 527813691
668777338 283232830 657798960 621415855
575133806 286599627 757520084 884057322
575133806 287984221 492870594 249499796
575133806 290224726 392953544 787232452
467684119 290652068 392953544 582653383
575133806 297425975 492870594 318834005
575133806 299208593 757520084 746968115
575133806 300146473 312508208 245541722
575133806 305148057 312508208 451225505
478654196 309505534 392953544 56245251
100449298 309821584 757520084 459341355
575133806 310406371 392953544 246210217
478654196 318178519 757520084 538056176
575133806 319035897 392953544 173316318
575133806 319182720 392953544 506131417
575133806 319363504 392953544 276994548
467684119 321414996 392953544 453109248
478654196 326582608 757520084 852327636
478654196 327796068 392953544 93569333
575133806 329563693 757520084 798436679
575133806 330462925 392953544 690148892
575133806 331145708 312508208 719147319
575133806 332136080 312508208 792709946
575133806 332709984 392953544 44923432
575133806 335004130 757520084 47946853
467684119 335123596 492870594 911912645
575133806 338565850 757520084 834683819
575133806 338846132 392953544 305661205
434715811 343389110 392953544 391274703
575133806 344595614 492870594 195575859
575133806 353559576 312508208 902987841
478654196 353978367 757520084 624158347
478654196 354126129 392953544 246874650
575133806 356226575 312508208 17046423
575133806 359295768 757520084 351388864
575133806 359457359 757520084 770221224
575133806 359954421 392953544 711851837
434715811 360416726 312508208 825551644
575133806 369976639 657798960 220947657
575133806 375230563 392953544 182903523
575133806 376019727 392953544 333846420
575133806 377971330 757520084 724199856
575133806 378150961 757520084 813954192
575133806 381299501 757520084 317095152
575133806 388123113 492870594 704004727
575133806 391875618 846916320 227363018
527813691 392222375 527813691 527813691
478654196 393123303 392953544 663857389
575133806 393647401 392953544 667963671
575133806 396230932 757520084 720012981
575133806 397582302 757520084 502904658
575133806 399952104 757520084 856534123
575133806 403487262 392953544 207684940
575133806 403696529 492870594 972520214
575133806 406268979 757520084 707630739
575133806 413674697 757520084 655626729
575133806 415200840 312508208 683462790
575133806 420658800 492870594 874694035
575133806 421242466 392953544 489876334
575133806 422934969 312508208 844027790
575133806 423185794 757520084 156529863
575133806 424374516 492870594 757467626
575133806 426491994 492870594 888623800
575133806 429760754 392953544 819584204
575133806 433332862 312508208 675442483
575133806 435216395 392953544 655764495
478654196 438083699 312508208 244405350
575133806 440400976 757520084 808730853
575133806 442914060 757520084 807837885
467684119 445675808 392953544 671612887
575133806 448325489 757520084 88026053
467684119 450491305 492870594 916790480
467684119 450526870 392953544 378491787
575133806 451963675 657798960 16420171
467684119 452086615 392953544 610530477
575133806 453112165 392953544 966833732
575133806 457932481 312508208 104120379
575133806 461124942 312508208 145250287
575133806 463100027 757520084 843664738
575133806 464883692 757520084 8199131
575133806 465004970 757520084 103143243
575133806 465931429 757520084 890848141
575133806 469249704 757520084 280706677
575133806 470614256 492870594 585871840
575133806 472154961 757520084 699596416
575133806 473041325 312508208 587708513
325606760 474856157 312508208 823710042
575133806 474971760 392953544 767143409
434715811 475930224 757520084 513150179
478654196 484020208 757520084 503915826
434715811 488265153 392953544 118952627
575133806 489754476 312508208 528962294
575133806 493820910 312508208 248392132
575133806 495027172 757520084 800409243
434715811 499885696 392953544 401076370
575133806 501817776 492870594 221397496
478654196 502141681 312508208 542452314
478654196 504541117 757520084 348515712
575133806 505496762 757520084 397505135
575133806 509109257 392953544 924255517
467684119 509761355 757520084 593905567
467684119 510052946 757520084 429202746
575133806 510666024 392953544 535807733
575133806 512554239 757520084 199376255
434715811 519686915 492870594 55463892
575133806 520700582 392953544 512953503
575133806 522701606 392953544 872784309
575133806 523275316 492870594 231090556
467684119 524622184 392953544 318307917
575133806 526278495 492870594 731043692
575133806 532350236 773697074 662386675
478654196 532787429 757520084 170836937
575133806 535402717 757520084 847842312
575133806 535725247 312508208 414085432
668777338 538398254 757520084 781700226
467684119 538633103 757520084 540604632
575133806 541378402 492870594 787133068
575133806 542073376 757520084 763569127
575133806 542944127 312508208 846791284
575133806 545895320 757520084 213928449
575133806 557478326 312508208 715601422
575133806 557783496 392953544 974073208
478654196 558046760 757520084 177150256
575133806 559380963 312508208 320024206
467684119 560236004 392953544 149782718
575133806 560369508 757520084 239766914
575133806 564582659 757520084 386075317
575133806 568677676 392953544 635342944
478654196 569892562 312508208 545376529
575133806 570634121 492870594 134107630
478654196 572168157 312508208 804762666
575133806 581784181 392953544 540596916
575133806 584429912 392953544 354923344
575133806 584455156 757520084 478451642
575133806 584745519 757520084 145331910
575133806 584847667 789432917 631723039
478654196 586121606 392953544 502078188
575133806 587237872 392953544 633722087
575133806 589053699 392953544 522660457
478654196 594952421 757520084 85971283
575133806 595080388 757520084 949128645
575133806 595930615 757520084 88942033
527813691 596049296 527813691 527813691
575133806 598123594 757520084 200143242
478654196 598625239 757520084 74601227
575133806 602537205 392953544 684878386
575133806 604199373 757520084 892155361
575133806 607516803 392953544 347451957
575133806 610756142 757520084 330469205
277538355 610979182 312508208 596304084
575133806 612480975 757520084 678739857
575133806 614071388 492870594 819322330
467684119 614982312 312508208 673038463
575133806 617545318 312508208 865810469
306892638 619117051 935865186 348306750
575133806 621795755 757520084 974414528
467684119 624869177 392953544 530318630
575133806 626615688 392953544 632861884
575133806 627661642 392953544 850837409
575133806 630846236 757520084 54856665
575133806 634942404 757520084 811590314
434715811 635437329 392953544 322779714
575133806 635998828 312508208 198054957
548840947 639729767 392953544 976311906
478654196 639957468 312508208 579653517
575133806 648096974 312508208 168488304
478654196 648953941 312508208 414536152
575133806 649412172 392953544 254392602
575133806 653056633 312508208 913538646
467684119 653483413 312508208 118030393
575133806 655867547 757520084 733801137
575133806 658230431 312508208 896987915
467684119 664474607 757520084 702163191
467684119 666332722 312508208 526829196
575133806 668324005 757520084 16696889
434715811 668781072 312508208 102097839
865455055 668893431 312508208 716990352
575133806 672845314 657798960 435052513
478654196 675325750 312508208 261442186
575133806 676125445 312508208 476167451
575133806 677862617 492870594 485599013
575133806 680458153 757520084 73053486
575133806 682201267 392953544 112976948
467684119 682326618 392953544 652378053
575133806 688511133 312508208 762883520
467684119 691726244 492870594 23742906
575133806 697155972 392953544 269177683
467684119 699149670 392953544 753723126
575133806 700415643 312508208 112523983
575133806 702022936 712811666 233044865
575133806 703181258 757520084 134489718
575133806 706357662 772032514 533832133
575133806 710365676 312508208 921125281
575133806 710670320 392953544 673336048
434715811 712734820 492870594 547847334
575133806 712811666 312508208 347330788
575133806 713021425 757520084 641546945
575133806 714592151 392953544 630320477
575133806 718007455 312508208 498862524
575133806 718216903 757520084 955227544
575133806 719458911 757520084 609538621
575133806 723808613 392953544 498693187
575133806 725109479 757520084 619928527
575133806 727521794 392953544 905533065
575133806 727675265 312508208 555130950
849122699 730947583 312508208 19363225
548840947 731033582 773697074 407165900
467684119 734765651 757520084 580135801
575133806 735400639 312508208 968533462
575133806 736008357 757520084 138245243
575133806 736527700 492870594 374372710
478654196 736544144 392953544 581522375
575133806 736877680 312508208 848235141
478654196 738976497 392953544 424789803
575133806 740789962 657798960 445285754
575133806 742108749 392953544 507020126
575133806 743012395 392953544 465596159
467684119 743485039 757520084 938570855
575133806 743665078 32691801 553327539
575133806 743665378 757520084 881394169
575133806 745444095 392953544 58632100
575133806 746309988 392953544 357137795
575133806 749131069 757520084 865291337
575133806 750119699 392953544 321507336
711691076 751270028 312508208 973031670
575133806 754077091 312508208 934586452
467684119 758845324 773697074 202877456
575133806 760896307 757520084 815803932
575133806 764429630 392953544 290546413
575133806 766137084 757520084 101941072
467684119 766570331 757520084 875872060
575133806 766629552 392953544 366519725
575133806 771927557 492870594 276090600
575133806 774792906 392953544 916634988
467684119 777036621 757520084 496497343
575133806 777710940 392953544 638080927
575133806 777777120 757520084 60957675
575133806 781105659 312508208 879521292
575133806 781337610 392953544 733988204
467684119 782780232 757520084 844555946
478654196 783200447 757520084 184282254
575133806 785301985 392953544 951872884
575133806 786147444 392953544 428145050
575133806 789432917 392953544 682923068
575133806 791536881 757520084 815094757
575133806 791565389 392953544 626823666
478654196 793857495 392953544 943276986
575133806 794060079 757520084 360773750
575133806 794312552 392953544 202257770
467684119 796442890 757520084 497829587
467684119 798372076 392953544 247588966
478654196 798436848 757520084 855877885
478654196 798948053 392953544 343726488
467684119 799983323 492870594 255670066
575133806 800343930 757520084 582946322
575133806 800695943 392953544 633549685
575133806 802573988 312508208 127644737
575133806 806560318 492870594 942173902
575133806 808287177 657798960 452557309
575133806 808475037 392953544 87813154
575133806 812895394 312508208 697190073
575133806 816026352 392953544 744756258
575133806 819576697 312508208 431067342
575133806 821772168 312508208 481649721
575133806 822540097 757520084 725102636
884696400 823075488 392953544 837915091
575133806 825310058 657798960 185208415
575133806 831234035 492870594 63487102
575133806 836645056 757520084 285558422
575133806 836959179 772032514 998600434
467684119 837243817 757520084 728394840
575133806 837764237 757520084 730427224
575133806 840831187 757520084 233613206
575133806 843995951 392953544 833894059
575133806 846796282 657798960 938312584
78713426 846806525 392953544 764332861
467684119 846916320 312508208 324385607
575133806 847935821 757520084 887835259
575133806 848974623 392953544 523807606
575133806 850318889 757520084 527663788
575133806 850663267 757520084 13698091
575133806 851880351 392953544 753015235
575133806 852100006 392953544 806297374
467684119 852122605 392953544 141582642
467684119 855488770 392953544 213589044
575133806 856471037 492870594 388061028
467684119 857436409 312508208 442336892
467684119 857904633 312508208 124016836
575133806 859209862 392953544 438277670
575133806 860247332 392953544 456113779
575133806 864586219 392953544 793665569
467684119 865812433 392953544 744091170
478654196 866506634 312508208 11679679
575133806 866825919 312508208 240463574
575133806 869903022 492870594 246127937
478654196 870284745 392953544 334101224
575133806 872766599 392953544 851341219
575133806 872893499 392953544 983463731
478654196 874946195 392953544 615575155
575133806 875845756 392953544 643030857
478654196 876008580 392953544 425591327
575133806 877764028 312508208 187063421
575133806 881296146 392953544 920630036
467684119 883046338 392953544 211913195
575133806 887082107 392953544 68125820
575133806 887789812 757520084 385288322
575133806 892594222 492870594 664296207
575133806 897255428 757520084 410693877
478654196 902785395 392953544 405056387
575133806 903352294 312508208 641511413
575133806 905600969 312508208 389995750
575133806 906897857 392953544 252342709
478654196 907559895 492870594 153815060
575133806 908288841 757520084 580273255
575133806 909023995 392953544 204668465
478654196 909921241 757520084 995243651
434715811 913573164 392953544 647539716
478654196 914920716 392953544 733293690
575133806 917521658 757520084 247145284
575133806 918601097 492870594 163718241
575133806 918642309 492870594 535355737
478654196 920133029 392953544 578321735
467684119 920896104 920896104 920896104
575133806 920896104 920896104 920896104
575133806 920896104 920896104 920896104
575133806 920896104 920896104 920896104
575133806 920896104 920896104 920896104
575133806 922051058 312508208 720649608
575133806 926593439 392953544 937127236
575133806 930491295 392953544 265279599
575133806 931670287 312508208 920631087
575133806 931816559 312508208 19431578
575133806 933263681 392953544 927412149
575133806 934888351 312508208 629328089
575133806 935034232 392953544 479157896
575133806 938570021 657798960 500560484
575133806 939714324 492870594 539731541
575133806 942101064 757520084 288024106
467684119 943021285 392953544 418157622
575133806 945442115 757520084 565544806
467684119 947113273 757520084 861466176
434715811 951240478 392953544 767426982
575133806 953792804 922051058 723314548
575133806 954587369 312508208 613989243
467684119 955545314 312508208 99888749
575133806 956052091 492870594 309949973
575133806 956762786 757520084 655576153
575133806 956800086 392953544 206722188
575133806 964073576 312508208 968608944
575133806 965740147 657798960 706643223
575133806 967900064 757520084 653707091
575133806 971515584 392953544 16807310
575133806 980763741 657798960 166213155
575133806 981104407 312508208 82664105
575133806 981210811 757520084 343591200
78713426 984076727 757520084 120251895
575133806 986202587 312508208 449943930
575133806 988917521 757520084 518231967
575133806 992247554 492870594 983064913
575133806 997874638 312508208 293092578
